make all --print-data-base --no-builtin-variables --no-builtin-rules --question
# GNU Make 4.3
# Built for x86_64-pc-linux-gnu
# Copyright (C) 1988-2020 Free Software Foundation, Inc.
# License GPLv3+: GNU GPL version 3 or later <http://gnu.org/licenses/gpl.html>
# This is free software: you are free to change and redistribute it.
# There is NO WARRANTY, to the extent permitted by law.

# Make data base, printed on Tue Aug  9 19:52:50 2022

# Variables

# environment
LC_ALL = C
# environment
PULSE_SERVER = /mnt/wslg/PulseServer
# environment
WSLENV = VSCODE_WSL_EXT_LOCATION/up
# environment
VSCODE_CWD = /mnt/c/Users/x213212/AppData/Local/Programs/Microsoft VS Code
# default
MAKE_COMMAND := make
# environment
VSCODE_HANDLES_SIGPIPE = true
# environment
VSCODE_GIT_ASKPASS_EXTRA_ARGS = 
# environment
GOPATH = /root/go
# automatic
@D = $(patsubst %/,%,$(dir $@))
# environment
VSCODE_HANDLES_UNCAUGHT_ERRORS = true
# default
.VARIABLES := 
# environment
PWD = /root/x21321219/new_gccplugin
# automatic
%D = $(patsubst %/,%,$(dir $%))
# environment
XDG_DATA_DIRS = /usr/local/share:/usr/share:/var/lib/snapd/desktop
# makefile (from 'Makefile', line 9)
TEST_FILES = ./Test/test.o
# automatic
^D = $(patsubst %/,%,$(dir $^))
# automatic
%F = $(notdir $%)
# environment
LANG = C
# default
.LOADED := 
# default
.INCLUDE_DIRS = /usr/local/include /usr/include /usr/include
# makefile
MAKEFLAGS = pqrR
# makefile
CURDIR := /root/x21321219/new_gccplugin
# environment
APPLICATION_INSIGHTS_NO_DIAGNOSTIC_CHANNEL = true
# environment
LESSOPEN = | /usr/bin/lesspipe %s
# automatic
*D = $(patsubst %/,%,$(dir $*))
# environment
MFLAGS = -pqrR
# default
.SHELLFLAGS := -c
# environment
WAYLAND_DISPLAY = wayland-0
# automatic
+D = $(patsubst %/,%,$(dir $+))
# environment
GIT_ASKPASS = /root/.vscode-server/bin/da76f93349a72022ca4670c1b84860304616aaa2/extensions/git/dist/askpass.sh
# makefile (from 'Makefile', line 1)
MAKEFILE_LIST := Makefile
# automatic
@F = $(notdir $@)
# automatic
?D = $(patsubst %/,%,$(dir $?))
# automatic
*F = $(notdir $*)
# automatic
<D = $(patsubst %/,%,$(dir $<))
# environment
VSCODE_NLS_CONFIG = {"locale":"zh-tw","availableLanguages":{"*":"zh-tw"},"_languagePackId":"781b7ebe22283cc49ae0f6b2a60a7843.zh-tw","_translationsConfigFile":"/root/.vscode-server/data/clp/781b7ebe22283cc49ae0f6b2a60a7843.zh-tw/tcf.json","_cacheRoot":"/root/.vscode-server/data/clp/781b7ebe22283cc49ae0f6b2a60a7843.zh-tw","_resolvedLanguagePackCoreLocation":"/root/.vscode-server/data/clp/781b7ebe22283cc49ae0f6b2a60a7843.zh-tw/da76f93349a72022ca4670c1b84860304616aaa2","_corruptedFile":"/root/.vscode-server/data/clp/781b7ebe22283cc49ae0f6b2a60a7843.zh-tw/corrupted.info","_languagePackSupport":true}
# default
MAKE_HOST := x86_64-pc-linux-gnu
# makefile
SHELL = /bin/sh
# default
MAKECMDGOALS := all
# environment
LD_LIBRARY_PATH = /usr/local/systemc-2.3.3/lib-linux64
# environment
SHLVL = 1
# environment
MAKELEVEL := 0
# makefile (from 'Makefile', line 2)
MAKE = make
# environment
FC = /usr/local/gcc-11.2.0/bin/gfortran-11.2
# environment
PATH = /usr/local/texlive/2021/bin/x86_64-linux/:/root/riscv-toolchain/bin:/usr/local/gcc-11.2.0/bin:/root/.vscode-server/bin/da76f93349a72022ca4670c1b84860304616aaa2/bin/remote-cli:/usr/local/texlive/2021/bin/x86_64-linux/:/root/riscv-toolchain/bin:/usr/local/gcc-11.2.0/bin:/root/.cargo/bin:/usr/local/sbin:/usr/local/bin:/usr/sbin:/usr/bin:/sbin:/bin:/usr/games:/usr/local/games:/usr/lib/wsl/lib:/mnt/c/Program Files (x86)/VMware/VMware Workstation/bin/:/mnt/c/Program Files/Common Files/Oracle/Java/javapath:/mnt/c/Users/x213212/AppData/Local/Programs/Python/Python39/Scripts/:/mnt/c/Users/x213212/AppData/Local/Programs/Python/Python39/:/mnt/c/Program Files (x86)/Common Files/Oracle/Java/javapath:/mnt/c/Windows/system32:/mnt/c/Windows:/mnt/c/Windows/System32/Wbem:/mnt/c/Windows/System32/WindowsPowerShell/v1.0/:/mnt/c/Windows/System32/OpenSSH/:/mnt/c/Program Files (x86)/NVIDIA Corporation/PhysX/Common:/mnt/c/Program Files/NVIDIA Corporation/NVIDIA NvDLISR:/mnt/c/WINDOWS/system32:/mnt/c/WINDOWS:/mnt/c/WINDOWS/System32/Wbem:/mnt/c/WINDOWS/System32/WindowsPowerShell/v1.0/:/mnt/c/WINDOWS/System32/OpenSSH/:/mnt/c/Program Files (x86)/IDM Computer Solutions/UltraEdit:/mnt/c/Program Files/dotnet/:/mnt/c/ProgramData/chocolatey/bin:/mnt/c/Program Files/nodejs/:/mnt/c/Program Files (x86)/dotnet/:/mnt/c/Program Files/Intel/WiFi/bin/:/mnt/c/Program Files/Common Files/Intel/WirelessCommon/:/mnt/c/Program Files/Graphviz/bin:/mnt/c/Program Files (x86)/AOMEI/AOMEI Backupper/6.9.0:/mnt/c/flutter/bin:/mnt/c/Program Files/010 Editor:/mnt/c/Program Files/Docker/Docker/resources/bin:/mnt/c/ProgramData/DockerDesktop/version-bin:/mnt/c/Program Files/Java/jdk-11.0.15.1/bin:/mnt/c/Users/x213212/.cargo/bin:/mnt/c/Users/x213212/AppData/Local/Microsoft/WindowsApps:/mnt/c/Users/x213212/AppData/Local/Programs/Microsoft VS Code/bin:/mnt/c/Users/x213212/AppData/Local/GitHubDesktop/bin:/mnt/c/Users/x213212/.dotnet/tools:/mnt/c/Program Files/JetBrains/IntelliJ IDEA 2019.3.2/bin:/mnt/h/apache-maven-3.8.2/bin:/mnt/c/Users/x213212/AppData/Roaming/npm:/mnt/c/Program Files/Intel/WiFi/bin/:/mnt/c/Program Files/Common Files/Intel/WirelessCommon/:/mnt/c/Users/x213212/AppData/Local/Programs/MiKTeX/miktex/bin/x64/:/mnt/c/flutter/bin:/snap/bin:/bin:/root/go/bin
# default
MAKEFILES := 
# environment
VSCODE_GIT_IPC_HANDLE = /mnt/wslg/runtime-dir/vscode-git-6701f6124a.sock
# environment
VSCODE_GIT_ASKPASS_NODE = /root/.vscode-server/bin/da76f93349a72022ca4670c1b84860304616aaa2/node
# automatic
^F = $(notdir $^)
# environment
VSCODE_GIT_ASKPASS_MAIN = /root/.vscode-server/bin/da76f93349a72022ca4670c1b84860304616aaa2/extensions/git/dist/askpass-main.js
# makefile (from 'Makefile', line 7)
COMPLILER_FILES = Compiler/Makefile
# environment
TERM_PROGRAM = vscode
# environment
LESSCLOSE = /usr/bin/lesspipe %s %s
# automatic
?F = $(notdir $?)
# environment
NAME = HOME-X213212
# makefile (from 'Makefile', line 8)
PARTIALS = $(patsubst %Makefile,%newplugin,$(COMPLILER_FILES))
# environment
HOSTTYPE = x86_64
# environment
LS_COLORS = rs
# automatic
+F = $(notdir $+)
# environment
WSL_INTEROP = /run/WSL/193_interop
# 'override' directive
GNUMAKEFLAGS := 
# environment
LOGNAME = root
# environment
VSCODE_WSL_EXT_LOCATION = /mnt/c/Users/x213212/.vscode/extensions/ms-vscode-remote.remote-wsl-0.66.3
# makefile
.DEFAULT_GOAL := Test/test.o
# environment
DISPLAY = 172.25.224.1:0
# environment
USER = root
# default
MAKE_VERSION := 4.3
# environment
DEBUGINFOD_URLS = 
# environment
_ = /usr/bin/printenv
# environment
XDG_RUNTIME_DIR = /mnt/wslg/runtime-dir
# makefile (from 'Makefile', line 4)
CFLAGS = -g 
# environment
COLORTERM = truecolor
# environment
VSCODE_IPC_HOOK_CLI = /mnt/wslg/runtime-dir/vscode-ipc-6600bc18-12b9-487b-8c0e-a10f5cf682d7.sock
# environment
VSCODE_AMD_ENTRYPOINT = vs/workbench/api/node/extensionHostProcess
# environment
HOME = /root
# environment
ELECTRON_RUN_AS_NODE = 1
# environment
TERM = xterm-256color
# default
.RECIPEPREFIX := 
# automatic
<F = $(notdir $<)
# default
SUFFIXES := 
# environment
WSL_DISTRO_NAME = Ubuntu-20.04
# default
.FEATURES := target-specific order-only second-expansion else-if shortest-stem undefine oneshell nocomment grouped-target extra-prereqs archives jobserver output-sync check-symlink load
# environment
CXX = /usr/local/gcc-11.2.0/bin/g++-11.2
# makefile (from 'Makefile', line 3)
CC = gcc-11.2
# environment
TERM_PROGRAM_VERSION = 1.70.0
# variable set hash-table stats:
# Load=85/1024=8%, Rehash=0, Collisions=1/122=1%

# Pattern-specific Variable Values

# No pattern-specific variable values.

# Directories

# . (device 2080, inode 137971): 19 files, no impossibilities.

# 19 files, no impossibilities in 1 directories.

# Implicit Rules

# No implicit rules.

# Files

# Not a target:
Makefile:
#  Implicit rule search has been done.
#  Last modified 2022-07-26 02:45:44.1456101
#  File has been updated.
#  Successfully updated.

clean:
#  Implicit rule search has not been done.
#  Modification time never checked.
#  File has not been updated.
#  recipe to execute (from 'Makefile', line 20):
	-rm -rf Compiler/*.o Test/*.o
	-rm -rf Test/test ./test.dSYM *.o
	-rm -rf Test/graph.dot
	-rm -rf Test/graph.log
	-rm -rf Test/graph.svg
	

Compiler/newplugin:
#  Implicit rule search has not been done.
#  Modification time never checked.
#  File has not been updated.
#  recipe to execute (from 'Makefile', line 17):
	$(MAKE) -C $(dir $@) $(notdir $@).so 

# Not a target:
.DEFAULT:
#  Implicit rule search has not been done.
#  Modification time never checked.
#  File has not been updated.

# Not a target:
all:
#  Command line target.
#  Implicit rule search has been done.
#  File does not exist.
#  File has not been updated.

Test/test.o: Compiler/newplugin
#  Implicit rule search has not been done.
#  Modification time never checked.
#  File has not been updated.
#  recipe to execute (from 'Makefile', line 13):
	$(MAKE) -C  $(dir $@) $(notdir $@) 

# files hash-table stats:
# Load=7/1024=1%, Rehash=0, Collisions=0/19=0%
# VPATH Search Paths

# No 'vpath' search paths.

# No general ('VPATH' variable) search path.

# strcache buffers: 1 (0) / strings = 27 / storage = 285 B / avg = 10 B
# current buf: size = 8162 B / used = 285 B / count = 27 / avg = 10 B

# strcache performance: lookups = 35 / hit rate = 22%
# hash-table stats:
# Load=27/8192=0%, Rehash=0, Collisions=0/35=0%
# Finished Make data base on Tue Aug  9 19:52:50 2022

 
make: *** No rule to make target 'all'.  Stop.

